<html>
<head>
<title>TestNG:  Default test</title>
<link href="../testng.css" rel="stylesheet" type="text/css" />
<link href="../my-testng.css" rel="stylesheet" type="text/css" />

<style type="text/css">
.log { display: none;} 
.stack-trace { display: none;} 
</style>
<script type="text/javascript">
<!--
function flip(e) {
  current = e.style.display;
  if (current == 'block') {
    e.style.display = 'none';
    return 0;
  }
  else {
    e.style.display = 'block';
    return 1;
  }
}

function toggleBox(szDivId, elem, msg1, msg2)
{
  var res = -1;  if (document.getElementById) {
    res = flip(document.getElementById(szDivId));
  }
  else if (document.all) {
    // this is the way old msie versions work
    res = flip(document.all[szDivId]);
  }
  if(elem) {
    if(res == 0) elem.innerHTML = msg1; else elem.innerHTML = msg2;
  }

}

function toggleAllBoxes() {
  if (document.getElementsByTagName) {
    d = document.getElementsByTagName('div');
    for (i = 0; i < d.length; i++) {
      if (d[i].className == 'log') {
        flip(d[i]);
      }
    }
  }
}

// -->
</script>

</head>
<body>
<h2 align='center'>Default test</h2><table border='1' align="center">
<tr>
<td>Tests passed/Failed/Skipped:</td><td>0/2/0</td>
</tr><tr>
<td>Started on:</td><td>Tue May 05 11:53:48 IST 2020</td>
</tr>
<tr><td>Total time:</td><td>36 seconds (36728 ms)</td>
</tr><tr>
<td>Included groups:</td><td></td>
</tr><tr>
<td>Excluded groups:</td><td></td>
</tr>
</table><p/>
<small><i>(Hover the method name to see the test class name)</i></small><p/>
<table width='100%' border='1' class='invocation-failed'>
<tr><td colspan='4' align='center'><b>FAILED TESTS</b></td></tr>
<tr><td><b>Test method</b></td>
<td width="30%"><b>Exception</b></td>
<td width="10%"><b>Time (seconds)</b></td>
<td><b>Instance</b></td>
</tr>
<tr>
<td title='testRunner.TestRunner.runScenario()'><b>runScenario</b><br>Test class: testRunner.TestRunner<br>Test method: Runs Cucumber Scenarios<br>Parameters: "User visit the main page", "Amazon Login"</td>
<td><div><pre>org.openqa.selenium.SessionNotCreatedException: session not created
from chrome not reachable
  (Session info: chrome=81.0.4044.129)
Build info: version: &apos;3.141.59&apos;, revision: &apos;e82be7d358&apos;, time: &apos;2018-11-14T08:17:03&apos;
System info: host: &apos;DESKTOP-82D4MVP&apos;, ip: &apos;192.168.1.7&apos;, os.name: &apos;Windows 10&apos;, os.arch: &apos;amd64&apos;, os.version: &apos;10.0&apos;, java.version: &apos;1.8.0_171&apos;
Driver info: driver.version: ChromeDriver
remote stacktrace: Backtrace:
	Ordinal0 [0x00AD0C83+1707139]
	Ordinal0 [0x00A368F1+1075441]
	Ordinal0 [0x009ADE72+515698]
	Ordinal0 [0x009A7CA8+490664]
	Ordinal0 [0x009A839B+492443]
	Ordinal0 [0x009A92F5+496373]
	Ordinal0 [0x009A4F05+478981]
	Ordinal0 [0x009AECA0+519328]
	Ordinal0 [0x0095CA67+182887]
	Ordinal0 [0x0095BDDD+179677]
	Ordinal0 [0x00959D4B+171339]
	Ordinal0 [0x00941D4A+73034]
	Ordinal0 [0x00942DC0+77248]
	Ordinal0 [0x00942D59+77145]
	Ordinal0 [0x00A4BB67+1162087]
	GetHandleVerifier [0x00B6A966+508998]
	GetHandleVerifier [0x00B6A6A4+508292]
	GetHandleVerifier [0x00B7F7B7+594583]
	GetHandleVerifier [0x00B6B1D6+511158]
	Ordinal0 [0x00A4402C+1130540]
	Ordinal0 [0x00A4D4CB+1168587]
	Ordinal0 [0x00A4D633+1168947]
	Ordinal0 [0x00A65B35+1268533]
	BaseThreadInitThunk [0x76906359+25]
	RtlGetAppContainerNamedObjectPath [0x77817C14+228]
	RtlGetAppContainerNamedObjectPath [0x77817BE4+180]

	at sun.reflect.NativeConstructorAccessorImpl.newInstance0(Native Method)
	at sun.reflect.NativeConstructorAccessorImpl.newInstance(Unknown Source)
	at sun.reflect.DelegatingConstructorAccessorImpl.newInstance(Unknown Source)
	at java.lang.reflect.Constructor.newInstance(Unknown Source)
	at org.openqa.selenium.remote.W3CHandshakeResponse.lambda$errorHandler$0(W3CHandshakeResponse.java:62)
	at org.openqa.selenium.remote.HandshakeResponse.lambda$getResponseFunction$0(HandshakeResponse.java:30)
	at org.openqa.selenium.remote.ProtocolHandshake.lambda$createSession$0(ProtocolHandshake.java:126)
	at java.util.stream.ReferencePipeline$3$1.accept(Unknown Source)
	at java.util.Spliterators$ArraySpliterator.tryAdvance(Unknown Source)
	at java.util.stream.ReferencePipeline.forEachWithCancel(Unknown Source)
	at java.util.stream.AbstractPipeline.copyIntoWithCancel(Unknown Source)
	at java.util.stream.AbstractPipeline.copyInto(Unknown Source)
	at java.util.stream.AbstractPipeline.wrapAndCopyInto(Unknown Source)
	at java.util.stream.FindOps$FindOp.evaluateSequential(Unknown Source)
	at java.util.stream.AbstractPipeline.evaluate(Unknown Source)
	at java.util.stream.ReferencePipeline.findFirst(Unknown Source)
	at org.openqa.selenium.remote.ProtocolHandshake.createSession(ProtocolHandshake.java:128)
	at org.openqa.selenium.remote.ProtocolHandshake.createSession(ProtocolHandshake.java:74)
	at org.openqa.selenium.remote.HttpCommandExecutor.execute(HttpCommandExecutor.java:136)
	at org.openqa.selenium.remote.service.DriverCommandExecutor.execute(DriverCommandExecutor.java:83)
	at org.openqa.selenium.remote.RemoteWebDriver.execute(RemoteWebDriver.java:552)
	at org.openqa.selenium.remote.RemoteWebDriver.startSession(RemoteWebDriver.java:213)
	at org.openqa.selenium.remote.RemoteWebDriver.&lt;init&gt;(RemoteWebDriver.java:131)
	at org.openqa.selenium.chrome.ChromeDriver.&lt;init&gt;(ChromeDriver.java:181)
	at org.openqa.selenium.chrome.ChromeDriver.&lt;init&gt;(ChromeDriver.java:168)
	at org.openqa.selenium.chrome.ChromeDriver.&lt;init&gt;(ChromeDriver.java:123)
	at helpers.BrowserDriverHelper.selectWebdriver(BrowserDriverHelper.java:49)
	at testBase.TestBase.getWebDriver(TestBase.java:15)
	at stepDefinitions.AmazonLoginStepDef.selected_browser(AmazonLoginStepDef.java:41)
	at ?.selected browser(file:src/test/java/features/amazonlogin.feature:8)
</pre></div><a href='#' onClick='toggleBox("stack-trace379124840", this, "Click to show all stack frames", "Click to hide stack frames")'>Click to show all stack frames</a>
<div class='stack-trace' id='stack-trace379124840'><pre>org.openqa.selenium.SessionNotCreatedException: session not created
from chrome not reachable
  (Session info: chrome=81.0.4044.129)
Build info: version: &apos;3.141.59&apos;, revision: &apos;e82be7d358&apos;, time: &apos;2018-11-14T08:17:03&apos;
System info: host: &apos;DESKTOP-82D4MVP&apos;, ip: &apos;192.168.1.7&apos;, os.name: &apos;Windows 10&apos;, os.arch: &apos;amd64&apos;, os.version: &apos;10.0&apos;, java.version: &apos;1.8.0_171&apos;
Driver info: driver.version: ChromeDriver
remote stacktrace: Backtrace:
	Ordinal0 [0x00AD0C83+1707139]
	Ordinal0 [0x00A368F1+1075441]
	Ordinal0 [0x009ADE72+515698]
	Ordinal0 [0x009A7CA8+490664]
	Ordinal0 [0x009A839B+492443]
	Ordinal0 [0x009A92F5+496373]
	Ordinal0 [0x009A4F05+478981]
	Ordinal0 [0x009AECA0+519328]
	Ordinal0 [0x0095CA67+182887]
	Ordinal0 [0x0095BDDD+179677]
	Ordinal0 [0x00959D4B+171339]
	Ordinal0 [0x00941D4A+73034]
	Ordinal0 [0x00942DC0+77248]
	Ordinal0 [0x00942D59+77145]
	Ordinal0 [0x00A4BB67+1162087]
	GetHandleVerifier [0x00B6A966+508998]
	GetHandleVerifier [0x00B6A6A4+508292]
	GetHandleVerifier [0x00B7F7B7+594583]
	GetHandleVerifier [0x00B6B1D6+511158]
	Ordinal0 [0x00A4402C+1130540]
	Ordinal0 [0x00A4D4CB+1168587]
	Ordinal0 [0x00A4D633+1168947]
	Ordinal0 [0x00A65B35+1268533]
	BaseThreadInitThunk [0x76906359+25]
	RtlGetAppContainerNamedObjectPath [0x77817C14+228]
	RtlGetAppContainerNamedObjectPath [0x77817BE4+180]

	at sun.reflect.NativeConstructorAccessorImpl.newInstance0(Native Method)
	at sun.reflect.NativeConstructorAccessorImpl.newInstance(Unknown Source)
	at sun.reflect.DelegatingConstructorAccessorImpl.newInstance(Unknown Source)
	at java.lang.reflect.Constructor.newInstance(Unknown Source)
	at org.openqa.selenium.remote.W3CHandshakeResponse.lambda$errorHandler$0(W3CHandshakeResponse.java:62)
	at org.openqa.selenium.remote.HandshakeResponse.lambda$getResponseFunction$0(HandshakeResponse.java:30)
	at org.openqa.selenium.remote.ProtocolHandshake.lambda$createSession$0(ProtocolHandshake.java:126)
	at java.util.stream.ReferencePipeline$3$1.accept(Unknown Source)
	at java.util.Spliterators$ArraySpliterator.tryAdvance(Unknown Source)
	at java.util.stream.ReferencePipeline.forEachWithCancel(Unknown Source)
	at java.util.stream.AbstractPipeline.copyIntoWithCancel(Unknown Source)
	at java.util.stream.AbstractPipeline.copyInto(Unknown Source)
	at java.util.stream.AbstractPipeline.wrapAndCopyInto(Unknown Source)
	at java.util.stream.FindOps$FindOp.evaluateSequential(Unknown Source)
	at java.util.stream.AbstractPipeline.evaluate(Unknown Source)
	at java.util.stream.ReferencePipeline.findFirst(Unknown Source)
	at org.openqa.selenium.remote.ProtocolHandshake.createSession(ProtocolHandshake.java:128)
	at org.openqa.selenium.remote.ProtocolHandshake.createSession(ProtocolHandshake.java:74)
	at org.openqa.selenium.remote.HttpCommandExecutor.execute(HttpCommandExecutor.java:136)
	at org.openqa.selenium.remote.service.DriverCommandExecutor.execute(DriverCommandExecutor.java:83)
	at org.openqa.selenium.remote.RemoteWebDriver.execute(RemoteWebDriver.java:552)
	at org.openqa.selenium.remote.RemoteWebDriver.startSession(RemoteWebDriver.java:213)
	at org.openqa.selenium.remote.RemoteWebDriver.&lt;init&gt;(RemoteWebDriver.java:131)
	at org.openqa.selenium.chrome.ChromeDriver.&lt;init&gt;(ChromeDriver.java:181)
	at org.openqa.selenium.chrome.ChromeDriver.&lt;init&gt;(ChromeDriver.java:168)
	at org.openqa.selenium.chrome.ChromeDriver.&lt;init&gt;(ChromeDriver.java:123)
	at helpers.BrowserDriverHelper.selectWebdriver(BrowserDriverHelper.java:49)
	at testBase.TestBase.getWebDriver(TestBase.java:15)
	at stepDefinitions.AmazonLoginStepDef.selected_browser(AmazonLoginStepDef.java:41)
	at ?.selected browser(file:src/test/java/features/amazonlogin.feature:8)
</pre></div></td>
<td>20</td>
<td>testRunner.TestRunner@11438d26</td></tr>
<tr>
<td title='testRunner.TestRunner.runScenario()'><b>runScenario</b><br>Test class: testRunner.TestRunner<br>Test method: Runs Cucumber Scenarios<br>Parameters: "User login to the account", "Amazon Login"</td>
<td><div><pre>org.openqa.selenium.SessionNotCreatedException: session not created
from chrome not reachable
  (Session info: chrome=81.0.4044.129)
Build info: version: &apos;3.141.59&apos;, revision: &apos;e82be7d358&apos;, time: &apos;2018-11-14T08:17:03&apos;
System info: host: &apos;DESKTOP-82D4MVP&apos;, ip: &apos;192.168.1.7&apos;, os.name: &apos;Windows 10&apos;, os.arch: &apos;amd64&apos;, os.version: &apos;10.0&apos;, java.version: &apos;1.8.0_171&apos;
Driver info: driver.version: ChromeDriver
remote stacktrace: Backtrace:
	Ordinal0 [0x00AD0C83+1707139]
	Ordinal0 [0x00A368F1+1075441]
	Ordinal0 [0x009ADE72+515698]
	Ordinal0 [0x009A7CA8+490664]
	Ordinal0 [0x009A839B+492443]
	Ordinal0 [0x009A92F5+496373]
	Ordinal0 [0x009A4F05+478981]
	Ordinal0 [0x009AECA0+519328]
	Ordinal0 [0x0095CA67+182887]
	Ordinal0 [0x0095BDDD+179677]
	Ordinal0 [0x00959D4B+171339]
	Ordinal0 [0x00941D4A+73034]
	Ordinal0 [0x00942DC0+77248]
	Ordinal0 [0x00942D59+77145]
	Ordinal0 [0x00A4BB67+1162087]
	GetHandleVerifier [0x00B6A966+508998]
	GetHandleVerifier [0x00B6A6A4+508292]
	GetHandleVerifier [0x00B7F7B7+594583]
	GetHandleVerifier [0x00B6B1D6+511158]
	Ordinal0 [0x00A4402C+1130540]
	Ordinal0 [0x00A4D4CB+1168587]
	Ordinal0 [0x00A4D633+1168947]
	Ordinal0 [0x00A65B35+1268533]
	BaseThreadInitThunk [0x76906359+25]
	RtlGetAppContainerNamedObjectPath [0x77817C14+228]
	RtlGetAppContainerNamedObjectPath [0x77817BE4+180]

	at sun.reflect.NativeConstructorAccessorImpl.newInstance0(Native Method)
	at sun.reflect.NativeConstructorAccessorImpl.newInstance(Unknown Source)
	at sun.reflect.DelegatingConstructorAccessorImpl.newInstance(Unknown Source)
	at java.lang.reflect.Constructor.newInstance(Unknown Source)
	at org.openqa.selenium.remote.W3CHandshakeResponse.lambda$errorHandler$0(W3CHandshakeResponse.java:62)
	at org.openqa.selenium.remote.HandshakeResponse.lambda$getResponseFunction$0(HandshakeResponse.java:30)
	at org.openqa.selenium.remote.ProtocolHandshake.lambda$createSession$0(ProtocolHandshake.java:126)
	at java.util.stream.ReferencePipeline$3$1.accept(Unknown Source)
	at java.util.Spliterators$ArraySpliterator.tryAdvance(Unknown Source)
	at java.util.stream.ReferencePipeline.forEachWithCancel(Unknown Source)
	at java.util.stream.AbstractPipeline.copyIntoWithCancel(Unknown Source)
	at java.util.stream.AbstractPipeline.copyInto(Unknown Source)
	at java.util.stream.AbstractPipeline.wrapAndCopyInto(Unknown Source)
	at java.util.stream.FindOps$FindOp.evaluateSequential(Unknown Source)
	at java.util.stream.AbstractPipeline.evaluate(Unknown Source)
	at java.util.stream.ReferencePipeline.findFirst(Unknown Source)
	at org.openqa.selenium.remote.ProtocolHandshake.createSession(ProtocolHandshake.java:128)
	at org.openqa.selenium.remote.ProtocolHandshake.createSession(ProtocolHandshake.java:74)
	at org.openqa.selenium.remote.HttpCommandExecutor.execute(HttpCommandExecutor.java:136)
	at org.openqa.selenium.remote.service.DriverCommandExecutor.execute(DriverCommandExecutor.java:83)
	at org.openqa.selenium.remote.RemoteWebDriver.execute(RemoteWebDriver.java:552)
	at org.openqa.selenium.remote.RemoteWebDriver.startSession(RemoteWebDriver.java:213)
	at org.openqa.selenium.remote.RemoteWebDriver.&lt;init&gt;(RemoteWebDriver.java:131)
	at org.openqa.selenium.chrome.ChromeDriver.&lt;init&gt;(ChromeDriver.java:181)
	at org.openqa.selenium.chrome.ChromeDriver.&lt;init&gt;(ChromeDriver.java:168)
	at org.openqa.selenium.chrome.ChromeDriver.&lt;init&gt;(ChromeDriver.java:123)
	at helpers.BrowserDriverHelper.selectWebdriver(BrowserDriverHelper.java:49)
	at testBase.TestBase.getWebDriver(TestBase.java:15)
	at stepDefinitions.AmazonLoginStepDef.selected_browser(AmazonLoginStepDef.java:41)
	at ?.selected browser(file:src/test/java/features/amazonlogin.feature:8)
</pre></div><a href='#' onClick='toggleBox("stack-trace1100109058", this, "Click to show all stack frames", "Click to hide stack frames")'>Click to show all stack frames</a>
<div class='stack-trace' id='stack-trace1100109058'><pre>org.openqa.selenium.SessionNotCreatedException: session not created
from chrome not reachable
  (Session info: chrome=81.0.4044.129)
Build info: version: &apos;3.141.59&apos;, revision: &apos;e82be7d358&apos;, time: &apos;2018-11-14T08:17:03&apos;
System info: host: &apos;DESKTOP-82D4MVP&apos;, ip: &apos;192.168.1.7&apos;, os.name: &apos;Windows 10&apos;, os.arch: &apos;amd64&apos;, os.version: &apos;10.0&apos;, java.version: &apos;1.8.0_171&apos;
Driver info: driver.version: ChromeDriver
remote stacktrace: Backtrace:
	Ordinal0 [0x00AD0C83+1707139]
	Ordinal0 [0x00A368F1+1075441]
	Ordinal0 [0x009ADE72+515698]
	Ordinal0 [0x009A7CA8+490664]
	Ordinal0 [0x009A839B+492443]
	Ordinal0 [0x009A92F5+496373]
	Ordinal0 [0x009A4F05+478981]
	Ordinal0 [0x009AECA0+519328]
	Ordinal0 [0x0095CA67+182887]
	Ordinal0 [0x0095BDDD+179677]
	Ordinal0 [0x00959D4B+171339]
	Ordinal0 [0x00941D4A+73034]
	Ordinal0 [0x00942DC0+77248]
	Ordinal0 [0x00942D59+77145]
	Ordinal0 [0x00A4BB67+1162087]
	GetHandleVerifier [0x00B6A966+508998]
	GetHandleVerifier [0x00B6A6A4+508292]
	GetHandleVerifier [0x00B7F7B7+594583]
	GetHandleVerifier [0x00B6B1D6+511158]
	Ordinal0 [0x00A4402C+1130540]
	Ordinal0 [0x00A4D4CB+1168587]
	Ordinal0 [0x00A4D633+1168947]
	Ordinal0 [0x00A65B35+1268533]
	BaseThreadInitThunk [0x76906359+25]
	RtlGetAppContainerNamedObjectPath [0x77817C14+228]
	RtlGetAppContainerNamedObjectPath [0x77817BE4+180]

	at sun.reflect.NativeConstructorAccessorImpl.newInstance0(Native Method)
	at sun.reflect.NativeConstructorAccessorImpl.newInstance(Unknown Source)
	at sun.reflect.DelegatingConstructorAccessorImpl.newInstance(Unknown Source)
	at java.lang.reflect.Constructor.newInstance(Unknown Source)
	at org.openqa.selenium.remote.W3CHandshakeResponse.lambda$errorHandler$0(W3CHandshakeResponse.java:62)
	at org.openqa.selenium.remote.HandshakeResponse.lambda$getResponseFunction$0(HandshakeResponse.java:30)
	at org.openqa.selenium.remote.ProtocolHandshake.lambda$createSession$0(ProtocolHandshake.java:126)
	at java.util.stream.ReferencePipeline$3$1.accept(Unknown Source)
	at java.util.Spliterators$ArraySpliterator.tryAdvance(Unknown Source)
	at java.util.stream.ReferencePipeline.forEachWithCancel(Unknown Source)
	at java.util.stream.AbstractPipeline.copyIntoWithCancel(Unknown Source)
	at java.util.stream.AbstractPipeline.copyInto(Unknown Source)
	at java.util.stream.AbstractPipeline.wrapAndCopyInto(Unknown Source)
	at java.util.stream.FindOps$FindOp.evaluateSequential(Unknown Source)
	at java.util.stream.AbstractPipeline.evaluate(Unknown Source)
	at java.util.stream.ReferencePipeline.findFirst(Unknown Source)
	at org.openqa.selenium.remote.ProtocolHandshake.createSession(ProtocolHandshake.java:128)
	at org.openqa.selenium.remote.ProtocolHandshake.createSession(ProtocolHandshake.java:74)
	at org.openqa.selenium.remote.HttpCommandExecutor.execute(HttpCommandExecutor.java:136)
	at org.openqa.selenium.remote.service.DriverCommandExecutor.execute(DriverCommandExecutor.java:83)
	at org.openqa.selenium.remote.RemoteWebDriver.execute(RemoteWebDriver.java:552)
	at org.openqa.selenium.remote.RemoteWebDriver.startSession(RemoteWebDriver.java:213)
	at org.openqa.selenium.remote.RemoteWebDriver.&lt;init&gt;(RemoteWebDriver.java:131)
	at org.openqa.selenium.chrome.ChromeDriver.&lt;init&gt;(ChromeDriver.java:181)
	at org.openqa.selenium.chrome.ChromeDriver.&lt;init&gt;(ChromeDriver.java:168)
	at org.openqa.selenium.chrome.ChromeDriver.&lt;init&gt;(ChromeDriver.java:123)
	at helpers.BrowserDriverHelper.selectWebdriver(BrowserDriverHelper.java:49)
	at testBase.TestBase.getWebDriver(TestBase.java:15)
	at stepDefinitions.AmazonLoginStepDef.selected_browser(AmazonLoginStepDef.java:41)
	at ?.selected browser(file:src/test/java/features/amazonlogin.feature:8)
</pre></div></td>
<td>15</td>
<td>testRunner.TestRunner@11438d26</td></tr>
</table><p>
</body>
</html>